  crl.c
  internal.c
  wolfio.c
E:\wolfssl-5.4.0-stable\src\wolfio.c(524,50): warning C4133: 'function': incompatible types - from 'int *' to 'char *'
  keys.c
  ocsp.c
  ssl.c
  tls.c
  tls13.c
  aes.c
  arc4.c
  asn.c
  blake2b.c
  blake2s.c
  camellia.c
  chacha.c
  chacha20_poly1305.c
  cmac.c
  coding.c
  curve25519.c
  curve448.c
  Compiling...
  cpuid.c
  des3.c
  dh.c
  dsa.c
  ecc.c
  ed25519.c
  ed448.c
  error.c
  fe_448.c
  fe_low_mem.c
  fe_operations.c
  ge_448.c
  ge_low_mem.c
  ge_operations.c
  hash.c
  hmac.c
  integer.c
  kdf.c
  logging.c
  md2.c
  Compiling...
  md4.c
  md5.c
  memory.c
  pkcs7.c
  pkcs12.c
  poly1305.c
  pwdbased.c
  random.c
  rc2.c
  ripemd.c
  rsa.c
  sha.c
  sha256.c
  sha3.c
  sha512.c
  signature.c
  sp_c32.c
  sp_c64.c
  sp_int.c
  sp_x86_64.c
  Compiling...
  srp.c
  tfm.c
  wc_encrypt.c
  wc_pkcs11.c
  wc_port.c
  wolfmath.c
  wolfevent.c
     Creating library E:\wolfssl-5.4.0-stable\wrapper\CSharp\DLL Release\x64\wolfssl.lib and object E:\wolfssl-5.4.0-stable\wrapper\CSharp\DLL Release\x64\wolfssl.exp
  Generating code
  Previous IPDB and IOBJ mismatch, fall back to full compilation.
  All 2779 functions were compiled because no usable IPDB/IOBJ from previous compilation was found.
  Finished generating code
  wolfssl.vcxproj -> E:\wolfssl-5.4.0-stable\wrapper\CSharp\DLL Release\x64\wolfssl.dll
